# JRE version: Java(TM) SE Runtime Environment (8.0_51-b16) (build 1.8.0_51-b16)
# Java VM: Java HotSpot(TM) 64-Bit Server VM (25.51-b03 mixed mode windows-amd64 compressed oops)
Heap:
 PSYoungGen      total 46080K, used 5491K [0x00000000d6a00000, 0x00000000d9e00000, 0x0000000100000000)
  eden space 40960K, 13% used [0x00000000d6a00000,0x00000000d6f5cfc8,0x00000000d9200000)
  from space 5120K, 0% used [0x00000000d9200000,0x00000000d9200000,0x00000000d9700000)
  to   space 5120K, 0% used [0x00000000d9700000,0x00000000d9700000,0x00000000d9c00000)
 ParOldGen       total 78848K, used 13857K [0x0000000083e00000, 0x0000000088b00000, 0x00000000d6a00000)
  object space 78848K, 17% used [0x0000000083e00000,0x0000000084b886c0,0x0000000088b00000)
 Metaspace       used 34759K, capacity 36132K, committed 36312K, reserved 1081344K
  class space    used 4547K, capacity 4823K, committed 4864K, reserved 1048576K
GC Heap History (10 events):
Event: 3.629 GC heap before
{Heap before GC invocations=3 (full 1):
 PSYoungGen      total 37888K, used 5103K [0x00000000d6a00000, 0x00000000d9400000, 0x0000000100000000)
  eden space 32768K, 0% used [0x00000000d6a00000,0x00000000d6a00000,0x00000000d8a00000)
  from space 5120K, 99% used [0x00000000d8f00000,0x00000000d93fbe80,0x00000000d9400000)
  to   space 5120K, 0% used [0x00000000d8a00000,0x00000000d8a00000,0x00000000d8f00000)
 ParOldGen       total 86016K, used 8623K [0x0000000083e00000, 0x0000000089200000, 0x00000000d6a00000)
  object space 86016K, 10% used [0x0000000083e00000,0x000000008466be10,0x0000000089200000)
 Metaspace       used 20395K, capacity 21088K, committed 21248K, reserved 1067008K
  class space    used 2796K, capacity 3003K, committed 3072K, reserved 1048576K
Event: 3.682 GC heap after
Heap after GC invocations=3 (full 1):
 PSYoungGen      total 37888K, used 0K [0x00000000d6a00000, 0x00000000d9400000, 0x0000000100000000)
  eden space 32768K, 0% used [0x00000000d6a00000,0x00000000d6a00000,0x00000000d8a00000)
  from space 5120K, 0% used [0x00000000d8f00000,0x00000000d8f00000,0x00000000d9400000)
  to   space 5120K, 0% used [0x00000000d8a00000,0x00000000d8a00000,0x00000000d8f00000)
 ParOldGen       total 78848K, used 11466K [0x0000000083e00000, 0x0000000088b00000, 0x00000000d6a00000)
  object space 78848K, 14% used [0x0000000083e00000,0x0000000084932800,0x0000000088b00000)
 Metaspace       used 20395K, capacity 21088K, committed 21248K, reserved 1067008K
  class space    used 2796K, capacity 3003K, committed 3072K, reserved 1048576K
}
Event: 7.486 GC heap before
{Heap before GC invocations=4 (full 1):
 PSYoungGen      total 37888K, used 32768K [0x00000000d6a00000, 0x00000000d9400000, 0x0000000100000000)
  eden space 32768K, 100% used [0x00000000d6a00000,0x00000000d8a00000,0x00000000d8a00000)
  from space 5120K, 0% used [0x00000000d8f00000,0x00000000d8f00000,0x00000000d9400000)
  to   space 5120K, 0% used [0x00000000d8a00000,0x00000000d8a00000,0x00000000d8f00000)
 ParOldGen       total 78848K, used 11466K [0x0000000083e00000, 0x0000000088b00000, 0x00000000d6a00000)
  object space 78848K, 14% used [0x0000000083e00000,0x0000000084932800,0x0000000088b00000)
 Metaspace       used 27656K, capacity 28822K, committed 28928K, reserved 1075200K
  class space    used 3750K, capacity 4012K, committed 4096K, reserved 1048576K
Event: 7.496 GC heap after
Heap after GC invocations=4 (full 1):
 PSYoungGen      total 37888K, used 5092K [0x00000000d6a00000, 0x00000000d9c00000, 0x0000000100000000)
  eden space 32768K, 0% used [0x00000000d6a00000,0x00000000d6a00000,0x00000000d8a00000)
  from space 5120K, 99% used [0x00000000d8a00000,0x00000000d8ef9288,0x00000000d8f00000)
  to   space 5120K, 0% used [0x00000000d9700000,0x00000000d9700000,0x00000000d9c00000)
 ParOldGen       total 78848K, used 13899K [0x0000000083e00000, 0x0000000088b00000, 0x00000000d6a00000)
  object space 78848K, 17% used [0x0000000083e00000,0x0000000084b92e00,0x0000000088b00000)
 Metaspace       used 27656K, capacity 28822K, committed 28928K, reserved 1075200K
  class space    used 3750K, capacity 4012K, committed 4096K, reserved 1048576K
}
Event: 8.666 GC heap before
{Heap before GC invocations=5 (full 1):
 PSYoungGen      total 37888K, used 37860K [0x00000000d6a00000, 0x00000000d9c00000, 0x0000000100000000)
  eden space 32768K, 100% used [0x00000000d6a00000,0x00000000d8a00000,0x00000000d8a00000)
  from space 5120K, 99% used [0x00000000d8a00000,0x00000000d8ef9288,0x00000000d8f00000)
  to   space 5120K, 0% used [0x00000000d9700000,0x00000000d9700000,0x00000000d9c00000)
 ParOldGen       total 78848K, used 13899K [0x0000000083e00000, 0x0000000088b00000, 0x00000000d6a00000)
  object space 78848K, 17% used [0x0000000083e00000,0x0000000084b92e00,0x0000000088b00000)
 Metaspace       used 33754K, capacity 35204K, committed 35416K, reserved 1079296K
  class space    used 4436K, capacity 4727K, committed 4736K, reserved 1048576K
Event: 8.680 GC heap after
Heap after GC invocations=5 (full 1):
 PSYoungGen      total 46080K, used 5105K [0x00000000d6a00000, 0x00000000d9e00000, 0x0000000100000000)
  eden space 40960K, 0% used [0x00000000d6a00000,0x00000000d6a00000,0x00000000d9200000)
  from space 5120K, 99% used [0x00000000d9700000,0x00000000d9bfc718,0x00000000d9c00000)
  to   space 5120K, 0% used [0x00000000d9200000,0x00000000d9200000,0x00000000d9700000)
 ParOldGen       total 78848K, used 19834K [0x0000000083e00000, 0x0000000088b00000, 0x00000000d6a00000)
  object space 78848K, 25% used [0x0000000083e00000,0x000000008515e950,0x0000000088b00000)
 Metaspace       used 33754K, capacity 35204K, committed 35416K, reserved 1079296K
  class space    used 4436K, capacity 4727K, committed 4736K, reserved 1048576K
}
Event: 8.687 GC heap before
{Heap before GC invocations=6 (full 1):
 PSYoungGen      total 46080K, used 5782K [0x00000000d6a00000, 0x00000000d9e00000, 0x0000000100000000)
  eden space 40960K, 1% used [0x00000000d6a00000,0x00000000d6aa91b0,0x00000000d9200000)
  from space 5120K, 99% used [0x00000000d9700000,0x00000000d9bfc718,0x00000000d9c00000)
  to   space 5120K, 0% used [0x00000000d9200000,0x00000000d9200000,0x00000000d9700000)
 ParOldGen       total 78848K, used 19834K [0x0000000083e00000, 0x0000000088b00000, 0x00000000d6a00000)
  object space 78848K, 25% used [0x0000000083e00000,0x000000008515e950,0x0000000088b00000)
 Metaspace       used 33795K, capacity 35204K, committed 35416K, reserved 1079296K
  class space    used 4439K, capacity 4727K, committed 4736K, reserved 1048576K
Event: 8.693 GC heap after
Heap after GC invocations=6 (full 1):
 PSYoungGen      total 46080K, used 4816K [0x00000000d6a00000, 0x00000000d9e00000, 0x0000000100000000)
  eden space 40960K, 0% used [0x00000000d6a00000,0x00000000d6a00000,0x00000000d9200000)
  from space 5120K, 94% used [0x00000000d9200000,0x00000000d96b4028,0x00000000d9700000)
  to   space 5120K, 0% used [0x00000000d9700000,0x00000000d9700000,0x00000000d9c00000)
 ParOldGen       total 78848K, used 19842K [0x0000000083e00000, 0x0000000088b00000, 0x00000000d6a00000)
  object space 78848K, 25% used [0x0000000083e00000,0x0000000085160950,0x0000000088b00000)
 Metaspace       used 33795K, capacity 35204K, committed 35416K, reserved 1079296K
  class space    used 4439K, capacity 4727K, committed 4736K, reserved 1048576K
}
Event: 8.693 GC heap before
{Heap before GC invocations=7 (full 2):
 PSYoungGen      total 46080K, used 4816K [0x00000000d6a00000, 0x00000000d9e00000, 0x0000000100000000)
  eden space 40960K, 0% used [0x00000000d6a00000,0x00000000d6a00000,0x00000000d9200000)
  from space 5120K, 94% used [0x00000000d9200000,0x00000000d96b4028,0x00000000d9700000)
  to   space 5120K, 0% used [0x00000000d9700000,0x00000000d9700000,0x00000000d9c00000)
 ParOldGen       total 78848K, used 19842K [0x0000000083e00000, 0x0000000088b00000, 0x00000000d6a00000)
  object space 78848K, 25% used [0x0000000083e00000,0x0000000085160950,0x0000000088b00000)
 Metaspace       used 33795K, capacity 35204K, committed 35416K, reserved 1079296K
  class space    used 4439K, capacity 4727K, committed 4736K, reserved 1048576K
Event: 8.770 GC heap after
Heap after GC invocations=7 (full 2):
 PSYoungGen      total 46080K, used 0K [0x00000000d6a00000, 0x00000000d9e00000, 0x0000000100000000)
  eden space 40960K, 0% used [0x00000000d6a00000,0x00000000d6a00000,0x00000000d9200000)
  from space 5120K, 0% used [0x00000000d9200000,0x00000000d9200000,0x00000000d9700000)
  to   space 5120K, 0% used [0x00000000d9700000,0x00000000d9700000,0x00000000d9c00000)
 ParOldGen       total 78848K, used 13857K [0x0000000083e00000, 0x0000000088b00000, 0x00000000d6a00000)
  object space 78848K, 17% used [0x0000000083e00000,0x0000000084b886c0,0x0000000088b00000)
 Metaspace       used 33795K, capacity 35204K, committed 35416K, reserved 1079296K
  class space    used 4439K, capacity 4727K, committed 4736K, reserved 1048576K
}

