# JRE version: Java(TM) SE Runtime Environment (8.0_51-b16) (build 1.8.0_51-b16)
# Java VM: Java HotSpot(TM) 64-Bit Server VM (25.51-b03 mixed mode windows-amd64 compressed oops)
Heap:
 PSYoungGen      total 145408K, used 93369K [0x00000000d6a00000, 0x00000000e1d00000, 0x0000000100000000)
  eden space 121344K, 57% used [0x00000000d6a00000,0x00000000dadb5210,0x00000000de080000)
  from space 24064K, 99% used [0x00000000dfd80000,0x00000000e14f9370,0x00000000e1500000)
  to   space 29696K, 0% used [0x00000000de080000,0x00000000de080000,0x00000000dfd80000)
 ParOldGen       total 88064K, used 23236K [0x0000000083e00000, 0x0000000089400000, 0x00000000d6a00000)
  object space 88064K, 26% used [0x0000000083e00000,0x00000000854b13a0,0x0000000089400000)
 Metaspace       used 36420K, capacity 37892K, committed 38104K, reserved 1083392K
  class space    used 4719K, capacity 5005K, committed 5120K, reserved 1048576K
GC Heap History (10 events):
Event: 6.184 GC heap before
{Heap before GC invocations=6 (full 1):
 PSYoungGen      total 46592K, used 5784K [0x00000000d6a00000, 0x00000000d9e80000, 0x0000000100000000)
  eden space 41472K, 1% used [0x00000000d6a00000,0x00000000d6aa98f8,0x00000000d9280000)
  from space 5120K, 99% used [0x00000000d9780000,0x00000000d9c7c8d0,0x00000000d9c80000)
  to   space 5120K, 0% used [0x00000000d9280000,0x00000000d9280000,0x00000000d9780000)
 ParOldGen       total 77824K, used 19807K [0x0000000083e00000, 0x0000000088a00000, 0x00000000d6a00000)
  object space 77824K, 25% used [0x0000000083e00000,0x0000000085157f40,0x0000000088a00000)
 Metaspace       used 33857K, capacity 35182K, committed 35416K, reserved 1079296K
  class space    used 4431K, capacity 4716K, committed 4736K, reserved 1048576K
Event: 6.189 GC heap after
Heap after GC invocations=6 (full 1):
 PSYoungGen      total 46592K, used 4979K [0x00000000d6a00000, 0x00000000dd180000, 0x0000000100000000)
  eden space 41472K, 0% used [0x00000000d6a00000,0x00000000d6a00000,0x00000000d9280000)
  from space 5120K, 97% used [0x00000000d9280000,0x00000000d975cef8,0x00000000d9780000)
  to   space 14848K, 0% used [0x00000000dc300000,0x00000000dc300000,0x00000000dd180000)
 ParOldGen       total 77824K, used 19807K [0x0000000083e00000, 0x0000000088a00000, 0x00000000d6a00000)
  object space 77824K, 25% used [0x0000000083e00000,0x0000000085157f40,0x0000000088a00000)
 Metaspace       used 33857K, capacity 35182K, committed 35416K, reserved 1079296K
  class space    used 4431K, capacity 4716K, committed 4736K, reserved 1048576K
}
Event: 6.189 GC heap before
{Heap before GC invocations=7 (full 2):
 PSYoungGen      total 46592K, used 4979K [0x00000000d6a00000, 0x00000000dd180000, 0x0000000100000000)
  eden space 41472K, 0% used [0x00000000d6a00000,0x00000000d6a00000,0x00000000d9280000)
  from space 5120K, 97% used [0x00000000d9280000,0x00000000d975cef8,0x00000000d9780000)
  to   space 14848K, 0% used [0x00000000dc300000,0x00000000dc300000,0x00000000dd180000)
 ParOldGen       total 77824K, used 19807K [0x0000000083e00000, 0x0000000088a00000, 0x00000000d6a00000)
  object space 77824K, 25% used [0x0000000083e00000,0x0000000085157f40,0x0000000088a00000)
 Metaspace       used 33857K, capacity 35182K, committed 35416K, reserved 1079296K
  class space    used 4431K, capacity 4716K, committed 4736K, reserved 1048576K
Event: 6.245 GC heap after
Heap after GC invocations=7 (full 2):
 PSYoungGen      total 46592K, used 0K [0x00000000d6a00000, 0x00000000dd180000, 0x0000000100000000)
  eden space 41472K, 0% used [0x00000000d6a00000,0x00000000d6a00000,0x00000000d9280000)
  from space 5120K, 0% used [0x00000000d9280000,0x00000000d9280000,0x00000000d9780000)
  to   space 14848K, 0% used [0x00000000dc300000,0x00000000dc300000,0x00000000dd180000)
 ParOldGen       total 88064K, used 13924K [0x0000000083e00000, 0x0000000089400000, 0x00000000d6a00000)
  object space 88064K, 15% used [0x0000000083e00000,0x0000000084b99058,0x0000000089400000)
 Metaspace       used 33857K, capacity 35182K, committed 35416K, reserved 1079296K
  class space    used 4431K, capacity 4716K, committed 4736K, reserved 1048576K
}
Event: 8.554 GC heap before
{Heap before GC invocations=8 (full 2):
 PSYoungGen      total 46592K, used 41472K [0x00000000d6a00000, 0x00000000dd180000, 0x0000000100000000)
  eden space 41472K, 100% used [0x00000000d6a00000,0x00000000d9280000,0x00000000d9280000)
  from space 5120K, 0% used [0x00000000d9280000,0x00000000d9280000,0x00000000d9780000)
  to   space 14848K, 0% used [0x00000000dc300000,0x00000000dc300000,0x00000000dd180000)
 ParOldGen       total 88064K, used 13924K [0x0000000083e00000, 0x0000000089400000, 0x00000000d6a00000)
  object space 88064K, 15% used [0x0000000083e00000,0x0000000084b99058,0x0000000089400000)
 Metaspace       used 35945K, capacity 37284K, committed 37464K, reserved 1081344K
  class space    used 4665K, capacity 4923K, committed 4992K, reserved 1048576K
Event: 8.574 GC heap after
Heap after GC invocations=8 (full 2):
 PSYoungGen      total 86528K, used 14828K [0x00000000d6a00000, 0x00000000dd980000, 0x0000000100000000)
  eden space 71680K, 0% used [0x00000000d6a00000,0x00000000d6a00000,0x00000000db000000)
  from space 14848K, 99% used [0x00000000dc300000,0x00000000dd17b1c0,0x00000000dd180000)
  to   space 19456K, 0% used [0x00000000db000000,0x00000000db000000,0x00000000dc300000)
 ParOldGen       total 88064K, used 17176K [0x0000000083e00000, 0x0000000089400000, 0x00000000d6a00000)
  object space 88064K, 19% used [0x0000000083e00000,0x0000000084ec60f8,0x0000000089400000)
 Metaspace       used 35945K, capacity 37284K, committed 37464K, reserved 1081344K
  class space    used 4665K, capacity 4923K, committed 4992K, reserved 1048576K
}
Event: 10.841 GC heap before
{Heap before GC invocations=9 (full 2):
 PSYoungGen      total 86528K, used 86508K [0x00000000d6a00000, 0x00000000dd980000, 0x0000000100000000)
  eden space 71680K, 100% used [0x00000000d6a00000,0x00000000db000000,0x00000000db000000)
  from space 14848K, 99% used [0x00000000dc300000,0x00000000dd17b1c0,0x00000000dd180000)
  to   space 19456K, 0% used [0x00000000db000000,0x00000000db000000,0x00000000dc300000)
 ParOldGen       total 88064K, used 17176K [0x0000000083e00000, 0x0000000089400000, 0x00000000d6a00000)
  object space 88064K, 19% used [0x0000000083e00000,0x0000000084ec60f8,0x0000000089400000)
 Metaspace       used 36383K, capacity 37892K, committed 38104K, reserved 1083392K
  class space    used 4719K, capacity 5005K, committed 5120K, reserved 1048576K
Event: 10.873 GC heap after
Heap after GC invocations=9 (full 2):
 PSYoungGen      total 91136K, used 19432K [0x00000000d6a00000, 0x00000000e1500000, 0x0000000100000000)
  eden space 71680K, 0% used [0x00000000d6a00000,0x00000000d6a00000,0x00000000db000000)
  from space 19456K, 99% used [0x00000000db000000,0x00000000dc2fa0c0,0x00000000dc300000)
  to   space 24064K, 0% used [0x00000000dfd80000,0x00000000dfd80000,0x00000000e1500000)
 ParOldGen       total 88064K, used 19804K [0x0000000083e00000, 0x0000000089400000, 0x00000000d6a00000)
  object space 88064K, 22% used [0x0000000083e00000,0x00000000851573a0,0x0000000089400000)
 Metaspace       used 36383K, capacity 37892K, committed 38104K, reserved 1083392K
  class space    used 4719K, capacity 5005K, committed 5120K, reserved 1048576K
}
Event: 13.387 GC heap before
{Heap before GC invocations=10 (full 2):
 PSYoungGen      total 91136K, used 91112K [0x00000000d6a00000, 0x00000000e1500000, 0x0000000100000000)
  eden space 71680K, 100% used [0x00000000d6a00000,0x00000000db000000,0x00000000db000000)
  from space 19456K, 99% used [0x00000000db000000,0x00000000dc2fa0c0,0x00000000dc300000)
  to   space 24064K, 0% used [0x00000000dfd80000,0x00000000dfd80000,0x00000000e1500000)
 ParOldGen       total 88064K, used 19804K [0x0000000083e00000, 0x0000000089400000, 0x00000000d6a00000)
  object space 88064K, 22% used [0x0000000083e00000,0x00000000851573a0,0x0000000089400000)
 Metaspace       used 36387K, capacity 37892K, committed 38104K, reserved 1083392K
  class space    used 4719K, capacity 5005K, committed 5120K, reserved 1048576K
Event: 13.421 GC heap after
Heap after GC invocations=10 (full 2):
 PSYoungGen      total 145408K, used 24036K [0x00000000d6a00000, 0x00000000e1d00000, 0x0000000100000000)
  eden space 121344K, 0% used [0x00000000d6a00000,0x00000000d6a00000,0x00000000de080000)
  from space 24064K, 99% used [0x00000000dfd80000,0x00000000e14f9370,0x00000000e1500000)
  to   space 29696K, 0% used [0x00000000de080000,0x00000000de080000,0x00000000dfd80000)
 ParOldGen       total 88064K, used 23236K [0x0000000083e00000, 0x0000000089400000, 0x00000000d6a00000)
  object space 88064K, 26% used [0x0000000083e00000,0x00000000854b13a0,0x0000000089400000)
 Metaspace       used 36387K, capacity 37892K, committed 38104K, reserved 1083392K
  class space    used 4719K, capacity 5005K, committed 5120K, reserved 1048576K
}

